\BOOKMARK [1][-]{section.1}{\376\377\004\036\004\061\004\111\004\060\004\117\000\040\004\101\004\102\004\100\004\103\004\072\004\102\004\103\004\100\004\075\004\060\004\117\000\040\004\101\004\105\004\065\004\074\004\060\000\040\004\070\000\040\004\077\004\073\004\060\004\075\000\040\004\076\004\077\004\070\004\101\004\060\004\075\004\070\004\117\000\040\004\101\004\070\004\101\004\102\004\065\004\074\004\113}{}% 1
\BOOKMARK [2][-]{subsubsection.1.0.1}{\376\377\004\036\004\061\004\111\004\060\004\117\000\040\004\101\004\102\004\100\004\103\004\072\004\102\004\103\004\100\004\075\004\060\004\117\000\040\004\101\004\105\004\065\004\074\004\060}{section.1}% 2
\BOOKMARK [3][-]{subsubsection.1.0.2}{\376\377\004\037\004\073\004\060\004\075\000\040\004\076\004\077\004\070\004\101\004\060\004\075\004\070\004\117\000\040\004\101\004\070\004\101\004\102\004\065\004\074\004\113}{subsubsection.1.0.1}% 3
\BOOKMARK [1][-]{section.2}{\376\377\004\042\004\065\004\105\004\075\004\076\004\073\004\076\004\063\004\070\004\117\000\040\000L\000o\000r\000a}{}% 4
\BOOKMARK [2][-]{subsubsection.2.0.1}{\376\377\004\035\004\060\004\067\004\075\004\060\004\107\004\065\004\075\004\070\004\065}{section.2}% 5
\BOOKMARK [3][-]{subsubsection.2.0.2}{\376\377\004\041\004\102\004\100\004\103\004\072\004\102\004\103\004\100\004\060\000\040\004\101\004\070\004\101\004\102\004\065\004\074\004\113}{subsubsection.2.0.1}% 6
\BOOKMARK [3][-]{subsubsection.2.0.3}{\376\377\004\040\004\060\004\067\004\061\004\070\004\065\004\075\004\070\004\065\000\040\004\101\004\070\004\101\004\102\004\065\004\074\004\113\000\040\004\075\004\060\000\040\004\103\004\100\004\076\004\062\004\075\004\070}{subsubsection.2.0.1}% 7
\BOOKMARK [3][-]{subsubsection.2.0.4}{\376\377\004\036\004\101\004\076\004\061\004\065\004\075\004\075\004\076\004\101\004\102\004\070\000\040\004\077\004\076\004\101\004\102\004\100\004\076\004\065\004\075\004\070\004\117\000\040\004\103\004\100\004\076\004\062\004\075\004\065\004\071}{subsubsection.2.0.1}% 8
\BOOKMARK [1][-]{section.3}{\376\377\004\042\004\065\004\105\004\075\004\076\004\073\004\076\004\063\004\070\004\117\000\040\000\253\004\041\004\042\004\040\004\030\004\026\000\273}{}% 9
\BOOKMARK [2][-]{subsubsection.3.0.1}{\376\377\004\035\004\060\004\067\004\075\004\060\004\107\004\065\004\075\004\070\004\065}{section.3}% 10
\BOOKMARK [3][-]{subsubsection.3.0.2}{\376\377\004\041\004\102\004\100\004\103\004\072\004\102\004\103\004\100\004\060\000\040\004\101\004\070\004\101\004\102\004\065\004\074\004\113}{subsubsection.3.0.1}% 11
\BOOKMARK [3][-]{subsubsection.3.0.3}{\376\377\004\040\004\060\004\067\004\061\004\070\004\065\004\075\004\070\004\065\000\040\004\101\004\070\004\101\004\102\004\065\004\074\004\113\000\040\004\075\004\060\000\040\004\103\004\100\004\076\004\062\004\075\004\070}{subsubsection.3.0.1}% 12
\BOOKMARK [3][-]{subsubsection.3.0.4}{\376\377\004\036\004\101\004\076\004\061\004\065\004\075\004\075\004\076\004\101\004\102\004\070\000\040\004\077\004\076\004\101\004\102\004\100\004\076\004\065\004\075\004\070\004\117\000\040\004\103\004\100\004\076\004\062\004\075\004\065\004\071}{subsubsection.3.0.1}% 13
\BOOKMARK [1][-]{section.4}{\376\377\004\042\004\065\004\105\004\075\004\076\004\073\004\076\004\063\004\070\004\117\000\040\000L\000o\000n\000t\000a\000\040\000O\000p\000t\000i\000m\000a}{}% 14
\BOOKMARK [2][-]{subsubsection.4.0.1}{\376\377\004\035\004\060\004\067\004\075\004\060\004\107\004\065\004\075\004\070\004\065}{section.4}% 15
\BOOKMARK [3][-]{subsubsection.4.0.2}{\376\377\004\041\004\102\004\100\004\103\004\072\004\102\004\103\004\100\004\060\000\040\004\101\004\070\004\101\004\102\004\065\004\074\004\113}{subsubsection.4.0.1}% 16
\BOOKMARK [3][-]{subsubsection.4.0.3}{\376\377\004\040\004\060\004\067\004\061\004\070\004\065\004\075\004\070\004\065\000\040\004\101\004\070\004\101\004\102\004\065\004\074\004\113\000\040\004\075\004\060\000\040\004\103\004\100\004\076\004\062\004\075\004\070}{subsubsection.4.0.1}% 17
\BOOKMARK [3][-]{subsubsection.4.0.4}{\376\377\004\036\004\101\004\076\004\061\004\065\004\075\004\075\004\076\004\101\004\102\004\070\000\040\004\077\004\076\004\101\004\102\004\100\004\076\004\065\004\075\004\070\004\117\000\040\004\103\004\100\004\076\004\062\004\075\004\065\004\071}{subsubsection.4.0.1}% 18
\BOOKMARK [1][-]{section.5}{\376\377\004\042\004\065\004\105\004\075\004\076\004\073\004\076\004\063\004\070\004\117\000\040\000S\000i\000g\000F\000o\000x}{}% 19
\BOOKMARK [2][-]{subsection.5.1}{\376\377\004\035\004\060\004\067\004\075\004\060\004\107\004\065\004\075\004\070\004\065\000\040\004\101\004\070\004\101\004\102\004\065\004\074\004\113}{section.5}% 20
\BOOKMARK [2][-]{subsection.5.2}{\376\377\004\041\004\102\004\100\004\103\004\072\004\102\004\103\004\100\004\060\000\040\004\101\004\070\004\101\004\102\004\065\004\074\004\113}{section.5}% 21
\BOOKMARK [2][-]{subsection.5.3}{\376\377\004\040\004\060\004\067\004\061\004\070\004\065\004\075\004\070\004\065\000\040\004\101\004\070\004\101\004\102\004\065\004\074\004\113\000\040\004\075\004\060\000\040\004\103\004\100\004\076\004\062\004\075\004\070}{section.5}% 22
\BOOKMARK [2][-]{subsection.5.4}{\376\377\004\036\004\101\004\076\004\061\004\065\004\075\004\075\004\076\004\101\004\102\004\070\000\040\004\077\004\076\004\101\004\102\004\100\004\076\004\065\004\075\004\070\004\117\000\040\004\103\004\100\004\076\004\062\004\075\004\065\004\071}{section.5}% 23
\BOOKMARK [1][-]{section.6}{\376\377\004\041\004\100\004\060\004\062\004\075\004\065\004\075\004\070\004\065\000\040\004\101\004\070\004\101\004\102\004\065\004\074}{}% 24
\BOOKMARK [2][-]{table.caption.11}{\376\377\004\041\004\077\004\070\004\101\004\076\004\072\000\040\004\070\004\101\004\077\004\076\004\073\004\114\004\067\004\076\004\062\004\060\004\075\004\075\004\113\004\105\000\040\004\070\004\101\004\102\004\076\004\107\004\075\004\070\004\072\004\076\004\062}{section.6}% 25
